{"E:\\Projetos\\AvaliacaoA3\\src\\app.js": {"path":"E:\\Projetos\\AvaliacaoA3\\src\\app.js","statementMap":{"0":{"start":{"line":1,"column":16},"end":{"line":1,"column":34}},"1":{"start":{"line":3,"column":22},"end":{"line":3,"column":58}},"2":{"start":{"line":4,"column":26},"end":{"line":4,"column":66}},"3":{"start":{"line":5,"column":24},"end":{"line":5,"column":62}},"4":{"start":{"line":6,"column":20},"end":{"line":6,"column":54}},"5":{"start":{"line":7,"column":24},"end":{"line":7,"column":62}},"6":{"start":{"line":9,"column":12},"end":{"line":9,"column":21}},"7":{"start":{"line":11,"column":0},"end":{"line":11,"column":24}},"8":{"start":{"line":13,"column":0},"end":{"line":13,"column":28}},"9":{"start":{"line":14,"column":0},"end":{"line":14,"column":32}},"10":{"start":{"line":15,"column":0},"end":{"line":15,"column":30}},"11":{"start":{"line":16,"column":0},"end":{"line":16,"column":26}},"12":{"start":{"line":17,"column":0},"end":{"line":17,"column":30}},"13":{"start":{"line":19,"column":0},"end":{"line":19,"column":21}}},"fnMap":{},"branchMap":{},"s":{"0":5,"1":5,"2":5,"3":5,"4":5,"5":5,"6":5,"7":5,"8":5,"9":5,"10":5,"11":5,"12":5,"13":5},"f":{},"b":{},"_coverageSchema":"1a1c01bbd47fc00a2c39e90264f33305004495a9","hash":"7f819950da6c9c1d2d9ab4708305ae431d17f8ee"}
,"E:\\Projetos\\AvaliacaoA3\\src\\config\\conexao.js": {"path":"E:\\Projetos\\AvaliacaoA3\\src\\config\\conexao.js","statementMap":{"0":{"start":{"line":1,"column":17},"end":{"line":1,"column":30}},"1":{"start":{"line":3,"column":13},"end":{"line":9,"column":2}},"2":{"start":{"line":11,"column":0},"end":{"line":11,"column":22}}},"fnMap":{},"branchMap":{},"s":{"0":10,"1":10,"2":10},"f":{},"b":{},"_coverageSchema":"1a1c01bbd47fc00a2c39e90264f33305004495a9","hash":"e6a51f6e777806a485a86cbdbf86e2bb630e79f9"}
,"E:\\Projetos\\AvaliacaoA3\\src\\controllers\\criancaController.js": {"path":"E:\\Projetos\\AvaliacaoA3\\src\\controllers\\criancaController.js","statementMap":{"0":{"start":{"line":1,"column":55},"end":{"line":1,"column":102}},"1":{"start":{"line":3,"column":26},"end":{"line":26,"column":1}},"2":{"start":{"line":5,"column":4},"end":{"line":11,"column":5}},"3":{"start":{"line":6,"column":23},"end":{"line":6,"column":43}},"4":{"start":{"line":7,"column":6},"end":{"line":7,"column":37}},"5":{"start":{"line":9,"column":6},"end":{"line":9,"column":27}},"6":{"start":{"line":10,"column":6},"end":{"line":10,"column":74}},"7":{"start":{"line":15,"column":67},"end":{"line":15,"column":75}},"8":{"start":{"line":17,"column":4},"end":{"line":17,"column":39}},"9":{"start":{"line":18,"column":4},"end":{"line":24,"column":5}},"10":{"start":{"line":19,"column":26},"end":{"line":19,"column":96}},"11":{"start":{"line":20,"column":6},"end":{"line":20,"column":40}},"12":{"start":{"line":22,"column":6},"end":{"line":22,"column":27}},"13":{"start":{"line":23,"column":6},"end":{"line":23,"column":69}},"14":{"start":{"line":28,"column":0},"end":{"line":28,"column":35}}},"fnMap":{"0":{"name":"(anonymous_0)","decl":{"start":{"line":4,"column":15},"end":{"line":4,"column":16}},"loc":{"start":{"line":4,"column":35},"end":{"line":12,"column":3}},"line":4},"1":{"name":"(anonymous_1)","decl":{"start":{"line":14,"column":17},"end":{"line":14,"column":18}},"loc":{"start":{"line":14,"column":37},"end":{"line":25,"column":3}},"line":14}},"branchMap":{},"s":{"0":5,"1":5,"2":1,"3":1,"4":1,"5":0,"6":0,"7":1,"8":1,"9":1,"10":1,"11":1,"12":0,"13":0,"14":5},"f":{"0":1,"1":1},"b":{},"_coverageSchema":"1a1c01bbd47fc00a2c39e90264f33305004495a9","hash":"9757cb6da08fd16f7de55d8258dcb0dfbb8a653c"}
,"E:\\Projetos\\AvaliacaoA3\\src\\controllers\\instrutorController.js": {"path":"E:\\Projetos\\AvaliacaoA3\\src\\controllers\\instrutorController.js","statementMap":{"0":{"start":{"line":1,"column":44},"end":{"line":1,"column":90}},"1":{"start":{"line":3,"column":28},"end":{"line":24,"column":1}},"2":{"start":{"line":5,"column":4},"end":{"line":11,"column":5}},"3":{"start":{"line":6,"column":26},"end":{"line":6,"column":49}},"4":{"start":{"line":7,"column":6},"end":{"line":7,"column":40}},"5":{"start":{"line":9,"column":6},"end":{"line":9,"column":27}},"6":{"start":{"line":10,"column":6},"end":{"line":10,"column":77}},"7":{"start":{"line":15,"column":45},"end":{"line":15,"column":53}},"8":{"start":{"line":16,"column":4},"end":{"line":22,"column":5}},"9":{"start":{"line":17,"column":28},"end":{"line":17,"column":78}},"10":{"start":{"line":18,"column":6},"end":{"line":18,"column":42}},"11":{"start":{"line":20,"column":6},"end":{"line":20,"column":27}},"12":{"start":{"line":21,"column":6},"end":{"line":21,"column":71}},"13":{"start":{"line":26,"column":0},"end":{"line":26,"column":37}}},"fnMap":{"0":{"name":"(anonymous_0)","decl":{"start":{"line":4,"column":18},"end":{"line":4,"column":19}},"loc":{"start":{"line":4,"column":38},"end":{"line":12,"column":3}},"line":4},"1":{"name":"(anonymous_1)","decl":{"start":{"line":14,"column":19},"end":{"line":14,"column":20}},"loc":{"start":{"line":14,"column":39},"end":{"line":23,"column":3}},"line":14}},"branchMap":{},"s":{"0":5,"1":5,"2":1,"3":1,"4":1,"5":0,"6":0,"7":1,"8":1,"9":1,"10":1,"11":0,"12":0,"13":5},"f":{"0":1,"1":1},"b":{},"_coverageSchema":"1a1c01bbd47fc00a2c39e90264f33305004495a9","hash":"f73d8ba3989e2351b7f3d7dc4b02f1d5e3c8fc08"}
,"E:\\Projetos\\AvaliacaoA3\\src\\controllers\\matriculaController.js": {"path":"E:\\Projetos\\AvaliacaoA3\\src\\controllers\\matriculaController.js","statementMap":{"0":{"start":{"line":1,"column":62},"end":{"line":1,"column":108}},"1":{"start":{"line":3,"column":28},"end":{"line":29,"column":1}},"2":{"start":{"line":5,"column":4},"end":{"line":11,"column":5}},"3":{"start":{"line":6,"column":25},"end":{"line":6,"column":47}},"4":{"start":{"line":7,"column":6},"end":{"line":7,"column":39}},"5":{"start":{"line":9,"column":6},"end":{"line":9,"column":27}},"6":{"start":{"line":10,"column":6},"end":{"line":10,"column":76}},"7":{"start":{"line":15,"column":37},"end":{"line":15,"column":45}},"8":{"start":{"line":16,"column":26},"end":{"line":16,"column":61}},"9":{"start":{"line":18,"column":4},"end":{"line":20,"column":5}},"10":{"start":{"line":19,"column":6},"end":{"line":19,"column":48}},"11":{"start":{"line":21,"column":4},"end":{"line":27,"column":5}},"12":{"start":{"line":22,"column":28},"end":{"line":22,"column":70}},"13":{"start":{"line":23,"column":6},"end":{"line":23,"column":42}},"14":{"start":{"line":25,"column":6},"end":{"line":25,"column":22}},"15":{"start":{"line":26,"column":6},"end":{"line":26,"column":71}},"16":{"start":{"line":31,"column":0},"end":{"line":31,"column":37}}},"fnMap":{"0":{"name":"(anonymous_0)","decl":{"start":{"line":4,"column":17},"end":{"line":4,"column":18}},"loc":{"start":{"line":4,"column":37},"end":{"line":12,"column":3}},"line":4},"1":{"name":"(anonymous_1)","decl":{"start":{"line":14,"column":19},"end":{"line":14,"column":20}},"loc":{"start":{"line":14,"column":39},"end":{"line":28,"column":3}},"line":14}},"branchMap":{"0":{"loc":{"start":{"line":18,"column":4},"end":{"line":20,"column":5}},"type":"if","locations":[{"start":{"line":18,"column":4},"end":{"line":20,"column":5}},{"start":{},"end":{}}],"line":18}},"s":{"0":5,"1":5,"2":1,"3":1,"4":1,"5":0,"6":0,"7":1,"8":1,"9":1,"10":0,"11":1,"12":1,"13":1,"14":0,"15":0,"16":5},"f":{"0":1,"1":1},"b":{"0":[0,1]},"_coverageSchema":"1a1c01bbd47fc00a2c39e90264f33305004495a9","hash":"16b7d1ce5f59b653488dfa2b4149ae1e0bfd78cf"}
,"E:\\Projetos\\AvaliacaoA3\\src\\controllers\\responsavelController.js": {"path":"E:\\Projetos\\AvaliacaoA3\\src\\controllers\\responsavelController.js","statementMap":{"0":{"start":{"line":1,"column":47},"end":{"line":1,"column":95}},"1":{"start":{"line":3,"column":30},"end":{"line":24,"column":1}},"2":{"start":{"line":5,"column":4},"end":{"line":11,"column":5}},"3":{"start":{"line":6,"column":27},"end":{"line":6,"column":51}},"4":{"start":{"line":7,"column":6},"end":{"line":7,"column":41}},"5":{"start":{"line":9,"column":6},"end":{"line":9,"column":27}},"6":{"start":{"line":10,"column":6},"end":{"line":10,"column":78}},"7":{"start":{"line":15,"column":98},"end":{"line":15,"column":106}},"8":{"start":{"line":16,"column":4},"end":{"line":22,"column":5}},"9":{"start":{"line":17,"column":30},"end":{"line":17,"column":135}},"10":{"start":{"line":18,"column":6},"end":{"line":18,"column":44}},"11":{"start":{"line":20,"column":6},"end":{"line":20,"column":27}},"12":{"start":{"line":21,"column":6},"end":{"line":21,"column":73}},"13":{"start":{"line":26,"column":0},"end":{"line":26,"column":39}}},"fnMap":{"0":{"name":"(anonymous_0)","decl":{"start":{"line":4,"column":19},"end":{"line":4,"column":20}},"loc":{"start":{"line":4,"column":39},"end":{"line":12,"column":3}},"line":4},"1":{"name":"(anonymous_1)","decl":{"start":{"line":14,"column":21},"end":{"line":14,"column":22}},"loc":{"start":{"line":14,"column":41},"end":{"line":23,"column":3}},"line":14}},"branchMap":{},"s":{"0":5,"1":5,"2":1,"3":1,"4":1,"5":0,"6":0,"7":1,"8":1,"9":1,"10":1,"11":0,"12":0,"13":5},"f":{"0":1,"1":1},"b":{},"_coverageSchema":"1a1c01bbd47fc00a2c39e90264f33305004495a9","hash":"be913a2725a8ae0c92f36f2b27761ffb8ad249b6"}
,"E:\\Projetos\\AvaliacaoA3\\src\\controllers\\turmaController.js": {"path":"E:\\Projetos\\AvaliacaoA3\\src\\controllers\\turmaController.js","statementMap":{"0":{"start":{"line":1,"column":35},"end":{"line":1,"column":77}},"1":{"start":{"line":3,"column":24},"end":{"line":24,"column":1}},"2":{"start":{"line":5,"column":4},"end":{"line":11,"column":5}},"3":{"start":{"line":6,"column":21},"end":{"line":6,"column":39}},"4":{"start":{"line":7,"column":6},"end":{"line":7,"column":35}},"5":{"start":{"line":9,"column":6},"end":{"line":9,"column":27}},"6":{"start":{"line":10,"column":6},"end":{"line":10,"column":72}},"7":{"start":{"line":15,"column":57},"end":{"line":15,"column":65}},"8":{"start":{"line":16,"column":4},"end":{"line":22,"column":5}},"9":{"start":{"line":17,"column":24},"end":{"line":17,"column":82}},"10":{"start":{"line":18,"column":6},"end":{"line":18,"column":38}},"11":{"start":{"line":20,"column":6},"end":{"line":20,"column":27}},"12":{"start":{"line":21,"column":6},"end":{"line":21,"column":67}},"13":{"start":{"line":26,"column":0},"end":{"line":26,"column":33}}},"fnMap":{"0":{"name":"(anonymous_0)","decl":{"start":{"line":4,"column":13},"end":{"line":4,"column":14}},"loc":{"start":{"line":4,"column":33},"end":{"line":12,"column":3}},"line":4},"1":{"name":"(anonymous_1)","decl":{"start":{"line":14,"column":15},"end":{"line":14,"column":16}},"loc":{"start":{"line":14,"column":35},"end":{"line":23,"column":3}},"line":14}},"branchMap":{},"s":{"0":5,"1":5,"2":1,"3":1,"4":1,"5":0,"6":0,"7":1,"8":1,"9":1,"10":1,"11":0,"12":0,"13":5},"f":{"0":1,"1":1},"b":{},"_coverageSchema":"1a1c01bbd47fc00a2c39e90264f33305004495a9","hash":"7e48186a82fc71b250ef48e0b38a76f095ca344c"}
,"E:\\Projetos\\AvaliacaoA3\\src\\infra\\criancaBd.js": {"path":"E:\\Projetos\\AvaliacaoA3\\src\\infra\\criancaBd.js","statementMap":{"0":{"start":{"line":1,"column":13},"end":{"line":1,"column":44}},"1":{"start":{"line":2,"column":16},"end":{"line":2,"column":54}},"2":{"start":{"line":4,"column":20},"end":{"line":12,"column":1}},"3":{"start":{"line":5,"column":19},"end":{"line":5,"column":21}},"4":{"start":{"line":6,"column":16},"end":{"line":6,"column":120}},"5":{"start":{"line":7,"column":4},"end":{"line":10,"column":7}},"6":{"start":{"line":8,"column":22},"end":{"line":8,"column":101}},"7":{"start":{"line":9,"column":8},"end":{"line":9,"column":31}},"8":{"start":{"line":11,"column":4},"end":{"line":11,"column":20}},"9":{"start":{"line":14,"column":23},"end":{"line":21,"column":1}},"10":{"start":{"line":16,"column":16},"end":{"line":16,"column":156}},"11":{"start":{"line":17,"column":4},"end":{"line":19,"column":6}},"12":{"start":{"line":18,"column":8},"end":{"line":18,"column":98}},"13":{"start":{"line":20,"column":4},"end":{"line":20,"column":19}},"14":{"start":{"line":23,"column":22},"end":{"line":31,"column":1}},"15":{"start":{"line":24,"column":16},"end":{"line":27,"column":5}},"16":{"start":{"line":29,"column":18},"end":{"line":29,"column":81}},"17":{"start":{"line":30,"column":4},"end":{"line":30,"column":19}},"18":{"start":{"line":33,"column":0},"end":{"line":33,"column":64}}},"fnMap":{"0":{"name":"(anonymous_0)","decl":{"start":{"line":4,"column":20},"end":{"line":4,"column":21}},"loc":{"start":{"line":4,"column":32},"end":{"line":12,"column":1}},"line":4},"1":{"name":"(anonymous_1)","decl":{"start":{"line":7,"column":21},"end":{"line":7,"column":22}},"loc":{"start":{"line":7,"column":28},"end":{"line":10,"column":5}},"line":7},"2":{"name":"(anonymous_2)","decl":{"start":{"line":14,"column":23},"end":{"line":14,"column":24}},"loc":{"start":{"line":14,"column":45},"end":{"line":21,"column":1}},"line":14},"3":{"name":"(anonymous_3)","decl":{"start":{"line":17,"column":21},"end":{"line":17,"column":22}},"loc":{"start":{"line":17,"column":28},"end":{"line":19,"column":5}},"line":17},"4":{"name":"(anonymous_4)","decl":{"start":{"line":23,"column":22},"end":{"line":23,"column":23}},"loc":{"start":{"line":23,"column":84},"end":{"line":31,"column":1}},"line":23}},"branchMap":{},"s":{"0":6,"1":6,"2":6,"3":1,"4":1,"5":1,"6":19,"7":19,"8":1,"9":6,"10":1,"11":1,"12":1,"13":1,"14":6,"15":1,"16":1,"17":1,"18":6},"f":{"0":1,"1":19,"2":1,"3":1,"4":1},"b":{},"_coverageSchema":"1a1c01bbd47fc00a2c39e90264f33305004495a9","hash":"511e85bee5e2e9582ab330314ead8daee8e8c86a"}
,"E:\\Projetos\\AvaliacaoA3\\src\\infra\\instrutorBd.js": {"path":"E:\\Projetos\\AvaliacaoA3\\src\\infra\\instrutorBd.js","statementMap":{"0":{"start":{"line":1,"column":13},"end":{"line":1,"column":44}},"1":{"start":{"line":2,"column":18},"end":{"line":2,"column":58}},"2":{"start":{"line":4,"column":23},"end":{"line":12,"column":1}},"3":{"start":{"line":5,"column":22},"end":{"line":5,"column":24}},"4":{"start":{"line":6,"column":16},"end":{"line":6,"column":100}},"5":{"start":{"line":7,"column":4},"end":{"line":10,"column":7}},"6":{"start":{"line":8,"column":24},"end":{"line":8,"column":75}},"7":{"start":{"line":9,"column":8},"end":{"line":9,"column":36}},"8":{"start":{"line":11,"column":4},"end":{"line":11,"column":23}},"9":{"start":{"line":14,"column":24},"end":{"line":21,"column":1}},"10":{"start":{"line":15,"column":16},"end":{"line":18,"column":5}},"11":{"start":{"line":19,"column":20},"end":{"line":19,"column":63}},"12":{"start":{"line":20,"column":4},"end":{"line":20,"column":21}},"13":{"start":{"line":23,"column":0},"end":{"line":23,"column":53}}},"fnMap":{"0":{"name":"(anonymous_0)","decl":{"start":{"line":4,"column":23},"end":{"line":4,"column":24}},"loc":{"start":{"line":4,"column":35},"end":{"line":12,"column":1}},"line":4},"1":{"name":"(anonymous_1)","decl":{"start":{"line":7,"column":21},"end":{"line":7,"column":22}},"loc":{"start":{"line":7,"column":28},"end":{"line":10,"column":5}},"line":7},"2":{"name":"(anonymous_2)","decl":{"start":{"line":14,"column":24},"end":{"line":14,"column":25}},"loc":{"start":{"line":14,"column":64},"end":{"line":21,"column":1}},"line":14}},"branchMap":{},"s":{"0":6,"1":6,"2":6,"3":1,"4":1,"5":1,"6":1,"7":1,"8":1,"9":6,"10":1,"11":1,"12":1,"13":6},"f":{"0":1,"1":1,"2":1},"b":{},"_coverageSchema":"1a1c01bbd47fc00a2c39e90264f33305004495a9","hash":"7af54ff7c4bb13c46710fc698cabffe11555a5e8"}
,"E:\\Projetos\\AvaliacaoA3\\src\\infra\\matriculaBd.js": {"path":"E:\\Projetos\\AvaliacaoA3\\src\\infra\\matriculaBd.js","statementMap":{"0":{"start":{"line":1,"column":13},"end":{"line":1,"column":44}},"1":{"start":{"line":2,"column":18},"end":{"line":2,"column":58}},"2":{"start":{"line":4,"column":22},"end":{"line":12,"column":1}},"3":{"start":{"line":5,"column":21},"end":{"line":5,"column":23}},"4":{"start":{"line":6,"column":16},"end":{"line":6,"column":106}},"5":{"start":{"line":7,"column":4},"end":{"line":10,"column":7}},"6":{"start":{"line":8,"column":24},"end":{"line":8,"column":85}},"7":{"start":{"line":9,"column":8},"end":{"line":9,"column":35}},"8":{"start":{"line":11,"column":4},"end":{"line":11,"column":22}},"9":{"start":{"line":14,"column":24},"end":{"line":27,"column":1}},"10":{"start":{"line":15,"column":14},"end":{"line":18,"column":3}},"11":{"start":{"line":20,"column":2},"end":{"line":22,"column":4}},"12":{"start":{"line":24,"column":27},"end":{"line":24,"column":38}},"13":{"start":{"line":25,"column":18},"end":{"line":25,"column":67}},"14":{"start":{"line":26,"column":2},"end":{"line":26,"column":19}},"15":{"start":{"line":29,"column":0},"end":{"line":29,"column":52}}},"fnMap":{"0":{"name":"(anonymous_0)","decl":{"start":{"line":4,"column":22},"end":{"line":4,"column":23}},"loc":{"start":{"line":4,"column":34},"end":{"line":12,"column":1}},"line":4},"1":{"name":"(anonymous_1)","decl":{"start":{"line":7,"column":21},"end":{"line":7,"column":22}},"loc":{"start":{"line":7,"column":28},"end":{"line":10,"column":5}},"line":7},"2":{"name":"(anonymous_2)","decl":{"start":{"line":14,"column":24},"end":{"line":14,"column":25}},"loc":{"start":{"line":14,"column":56},"end":{"line":27,"column":1}},"line":14}},"branchMap":{},"s":{"0":6,"1":6,"2":6,"3":1,"4":1,"5":1,"6":6,"7":6,"8":1,"9":6,"10":1,"11":1,"12":1,"13":1,"14":1,"15":6},"f":{"0":1,"1":6,"2":1},"b":{},"_coverageSchema":"1a1c01bbd47fc00a2c39e90264f33305004495a9","hash":"de24d07aa17cce9e54c6b41fd7bf02b938aa3793"}
,"E:\\Projetos\\AvaliacaoA3\\src\\infra\\responsavelBd.js": {"path":"E:\\Projetos\\AvaliacaoA3\\src\\infra\\responsavelBd.js","statementMap":{"0":{"start":{"line":1,"column":13},"end":{"line":1,"column":44}},"1":{"start":{"line":2,"column":20},"end":{"line":2,"column":62}},"2":{"start":{"line":4,"column":24},"end":{"line":12,"column":1}},"3":{"start":{"line":5,"column":23},"end":{"line":5,"column":25}},"4":{"start":{"line":6,"column":16},"end":{"line":6,"column":148}},"5":{"start":{"line":7,"column":4},"end":{"line":10,"column":7}},"6":{"start":{"line":8,"column":26},"end":{"line":8,"column":137}},"7":{"start":{"line":9,"column":8},"end":{"line":9,"column":39}},"8":{"start":{"line":11,"column":4},"end":{"line":11,"column":24}},"9":{"start":{"line":14,"column":26},"end":{"line":21,"column":1}},"10":{"start":{"line":15,"column":16},"end":{"line":18,"column":5}},"11":{"start":{"line":19,"column":22},"end":{"line":19,"column":120}},"12":{"start":{"line":20,"column":4},"end":{"line":20,"column":23}},"13":{"start":{"line":23,"column":0},"end":{"line":23,"column":56}}},"fnMap":{"0":{"name":"(anonymous_0)","decl":{"start":{"line":4,"column":24},"end":{"line":4,"column":25}},"loc":{"start":{"line":4,"column":36},"end":{"line":12,"column":1}},"line":4},"1":{"name":"(anonymous_1)","decl":{"start":{"line":7,"column":21},"end":{"line":7,"column":22}},"loc":{"start":{"line":7,"column":28},"end":{"line":10,"column":5}},"line":7},"2":{"name":"(anonymous_2)","decl":{"start":{"line":14,"column":26},"end":{"line":14,"column":27}},"loc":{"start":{"line":14,"column":119},"end":{"line":21,"column":1}},"line":14}},"branchMap":{},"s":{"0":6,"1":6,"2":6,"3":1,"4":1,"5":1,"6":0,"7":0,"8":1,"9":6,"10":1,"11":1,"12":1,"13":6},"f":{"0":1,"1":0,"2":1},"b":{},"_coverageSchema":"1a1c01bbd47fc00a2c39e90264f33305004495a9","hash":"7bcba7bfb06c4a854833057c6984e0e22a9c53df"}
,"E:\\Projetos\\AvaliacaoA3\\src\\infra\\turmaBd.js": {"path":"E:\\Projetos\\AvaliacaoA3\\src\\infra\\turmaBd.js","statementMap":{"0":{"start":{"line":1,"column":13},"end":{"line":1,"column":44}},"1":{"start":{"line":2,"column":14},"end":{"line":2,"column":50}},"2":{"start":{"line":4,"column":18},"end":{"line":12,"column":1}},"3":{"start":{"line":5,"column":17},"end":{"line":5,"column":19}},"4":{"start":{"line":6,"column":16},"end":{"line":6,"column":123}},"5":{"start":{"line":7,"column":4},"end":{"line":10,"column":7}},"6":{"start":{"line":8,"column":20},"end":{"line":8,"column":102}},"7":{"start":{"line":9,"column":8},"end":{"line":9,"column":27}},"8":{"start":{"line":11,"column":4},"end":{"line":11,"column":18}},"9":{"start":{"line":14,"column":20},"end":{"line":23,"column":1}},"10":{"start":{"line":15,"column":16},"end":{"line":18,"column":5}},"11":{"start":{"line":20,"column":25},"end":{"line":20,"column":36}},"12":{"start":{"line":21,"column":16},"end":{"line":21,"column":77}},"13":{"start":{"line":22,"column":4},"end":{"line":22,"column":17}},"14":{"start":{"line":25,"column":0},"end":{"line":25,"column":44}}},"fnMap":{"0":{"name":"(anonymous_0)","decl":{"start":{"line":4,"column":18},"end":{"line":4,"column":19}},"loc":{"start":{"line":4,"column":30},"end":{"line":12,"column":1}},"line":4},"1":{"name":"(anonymous_1)","decl":{"start":{"line":7,"column":21},"end":{"line":7,"column":22}},"loc":{"start":{"line":7,"column":28},"end":{"line":10,"column":5}},"line":7},"2":{"name":"(anonymous_2)","decl":{"start":{"line":14,"column":20},"end":{"line":14,"column":21}},"loc":{"start":{"line":14,"column":72},"end":{"line":23,"column":1}},"line":14}},"branchMap":{},"s":{"0":6,"1":6,"2":6,"3":1,"4":1,"5":1,"6":6,"7":6,"8":1,"9":6,"10":1,"11":1,"12":1,"13":1,"14":6},"f":{"0":1,"1":6,"2":1},"b":{},"_coverageSchema":"1a1c01bbd47fc00a2c39e90264f33305004495a9","hash":"1044a995c64a96ccc79d3616a9dac9c0ce901065"}
,"E:\\Projetos\\AvaliacaoA3\\src\\models\\entity\\crianca.js": {"path":"E:\\Projetos\\AvaliacaoA3\\src\\models\\entity\\crianca.js","statementMap":{"0":{"start":{"line":3,"column":8},"end":{"line":3,"column":37}},"1":{"start":{"line":4,"column":8},"end":{"line":4,"column":41}},"2":{"start":{"line":5,"column":8},"end":{"line":5,"column":43}},"3":{"start":{"line":6,"column":8},"end":{"line":6,"column":35}},"4":{"start":{"line":10,"column":0},"end":{"line":10,"column":25}}},"fnMap":{"0":{"name":"(anonymous_0)","decl":{"start":{"line":2,"column":4},"end":{"line":2,"column":5}},"loc":{"start":{"line":2,"column":68},"end":{"line":7,"column":5}},"line":2}},"branchMap":{},"s":{"0":21,"1":21,"2":21,"3":21,"4":6},"f":{"0":21},"b":{},"_coverageSchema":"1a1c01bbd47fc00a2c39e90264f33305004495a9","hash":"54d6693ff67cfe3ec12376e451ebe74779c04208"}
,"E:\\Projetos\\AvaliacaoA3\\src\\models\\entity\\instrutor.js": {"path":"E:\\Projetos\\AvaliacaoA3\\src\\models\\entity\\instrutor.js","statementMap":{"0":{"start":{"line":3,"column":8},"end":{"line":3,"column":41}},"1":{"start":{"line":4,"column":8},"end":{"line":4,"column":45}},"2":{"start":{"line":8,"column":0},"end":{"line":8,"column":27}}},"fnMap":{"0":{"name":"(anonymous_0)","decl":{"start":{"line":2,"column":4},"end":{"line":2,"column":5}},"loc":{"start":{"line":2,"column":46},"end":{"line":5,"column":5}},"line":2}},"branchMap":{},"s":{"0":2,"1":2,"2":6},"f":{"0":2},"b":{},"_coverageSchema":"1a1c01bbd47fc00a2c39e90264f33305004495a9","hash":"3f9dac873ee7baf82875a9026afacd739c824b00"}
,"E:\\Projetos\\AvaliacaoA3\\src\\models\\entity\\matricula.js": {"path":"E:\\Projetos\\AvaliacaoA3\\src\\models\\entity\\matricula.js","statementMap":{"0":{"start":{"line":3,"column":8},"end":{"line":3,"column":41}},"1":{"start":{"line":4,"column":8},"end":{"line":4,"column":37}},"2":{"start":{"line":5,"column":8},"end":{"line":5,"column":33}},"3":{"start":{"line":9,"column":0},"end":{"line":9,"column":27}}},"fnMap":{"0":{"name":"(anonymous_0)","decl":{"start":{"line":2,"column":4},"end":{"line":2,"column":5}},"loc":{"start":{"line":2,"column":52},"end":{"line":6,"column":5}},"line":2}},"branchMap":{},"s":{"0":7,"1":7,"2":7,"3":6},"f":{"0":7},"b":{},"_coverageSchema":"1a1c01bbd47fc00a2c39e90264f33305004495a9","hash":"e8120295b9e9c683c84d6c512995fd61940bfc32"}
,"E:\\Projetos\\AvaliacaoA3\\src\\models\\entity\\responsavel.js": {"path":"E:\\Projetos\\AvaliacaoA3\\src\\models\\entity\\responsavel.js","statementMap":{"0":{"start":{"line":3,"column":8},"end":{"line":3,"column":45}},"1":{"start":{"line":4,"column":8},"end":{"line":4,"column":49}},"2":{"start":{"line":5,"column":8},"end":{"line":5,"column":33}},"3":{"start":{"line":6,"column":8},"end":{"line":6,"column":53}},"4":{"start":{"line":7,"column":8},"end":{"line":7,"column":37}},"5":{"start":{"line":8,"column":8},"end":{"line":8,"column":27}},"6":{"start":{"line":12,"column":0},"end":{"line":12,"column":29}}},"fnMap":{"0":{"name":"(anonymous_0)","decl":{"start":{"line":2,"column":4},"end":{"line":2,"column":5}},"loc":{"start":{"line":2,"column":99},"end":{"line":9,"column":5}},"line":2}},"branchMap":{},"s":{"0":1,"1":1,"2":1,"3":1,"4":1,"5":1,"6":6},"f":{"0":1},"b":{},"_coverageSchema":"1a1c01bbd47fc00a2c39e90264f33305004495a9","hash":"ab5d70ad3177fad4280848a8a945b1e31cdb3ebe"}
,"E:\\Projetos\\AvaliacaoA3\\src\\models\\entity\\turma.js": {"path":"E:\\Projetos\\AvaliacaoA3\\src\\models\\entity\\turma.js","statementMap":{"0":{"start":{"line":3,"column":8},"end":{"line":3,"column":32}},"1":{"start":{"line":4,"column":8},"end":{"line":4,"column":39}},"2":{"start":{"line":5,"column":8},"end":{"line":5,"column":43}},"3":{"start":{"line":6,"column":8},"end":{"line":6,"column":41}},"4":{"start":{"line":7,"column":8},"end":{"line":7,"column":43}},"5":{"start":{"line":11,"column":0},"end":{"line":11,"column":23}}},"fnMap":{"0":{"name":"(anonymous_0)","decl":{"start":{"line":2,"column":4},"end":{"line":2,"column":5}},"loc":{"start":{"line":2,"column":83},"end":{"line":8,"column":5}},"line":2}},"branchMap":{},"s":{"0":7,"1":7,"2":7,"3":7,"4":7,"5":6},"f":{"0":7},"b":{},"_coverageSchema":"1a1c01bbd47fc00a2c39e90264f33305004495a9","hash":"8a097630ee025ea59e3fb06c363374e298565282"}
,"E:\\Projetos\\AvaliacaoA3\\src\\models\\services\\criancaService.js": {"path":"E:\\Projetos\\AvaliacaoA3\\src\\models\\services\\criancaService.js","statementMap":{"0":{"start":{"line":1,"column":39},"end":{"line":1,"column":71}},"1":{"start":{"line":3,"column":21},"end":{"line":6,"column":1}},"2":{"start":{"line":4,"column":16},"end":{"line":4,"column":35}},"3":{"start":{"line":5,"column":2},"end":{"line":5,"column":17}},"4":{"start":{"line":8,"column":21},"end":{"line":11,"column":1}},"5":{"start":{"line":9,"column":16},"end":{"line":9,"column":87}},"6":{"start":{"line":10,"column":2},"end":{"line":10,"column":17}},"7":{"start":{"line":13,"column":23},"end":{"line":17,"column":1}},"8":{"start":{"line":14,"column":2},"end":{"line":16,"column":3}},"9":{"start":{"line":15,"column":4},"end":{"line":15,"column":92}},"10":{"start":{"line":19,"column":0},"end":{"line":19,"column":64}}},"fnMap":{"0":{"name":"(anonymous_0)","decl":{"start":{"line":3,"column":21},"end":{"line":3,"column":22}},"loc":{"start":{"line":3,"column":33},"end":{"line":6,"column":1}},"line":3},"1":{"name":"(anonymous_1)","decl":{"start":{"line":8,"column":21},"end":{"line":8,"column":22}},"loc":{"start":{"line":8,"column":83},"end":{"line":11,"column":1}},"line":8},"2":{"name":"(anonymous_2)","decl":{"start":{"line":13,"column":23},"end":{"line":13,"column":24}},"loc":{"start":{"line":13,"column":53},"end":{"line":17,"column":1}},"line":13}},"branchMap":{"0":{"loc":{"start":{"line":14,"column":2},"end":{"line":16,"column":3}},"type":"if","locations":[{"start":{"line":14,"column":2},"end":{"line":16,"column":3}},{"start":{},"end":{}}],"line":14},"1":{"loc":{"start":{"line":14,"column":6},"end":{"line":14,"column":45}},"type":"binary-expr","locations":[{"start":{"line":14,"column":6},"end":{"line":14,"column":23}},{"start":{"line":14,"column":27},"end":{"line":14,"column":45}}],"line":14}},"s":{"0":6,"1":6,"2":2,"3":2,"4":6,"5":2,"6":2,"7":6,"8":1,"9":0,"10":6},"f":{"0":2,"1":2,"2":1},"b":{"0":[0,1],"1":[1,1]},"_coverageSchema":"1a1c01bbd47fc00a2c39e90264f33305004495a9","hash":"7a8002cf661ad18a925a5629be529b29d98429ce"}
,"E:\\Projetos\\AvaliacaoA3\\src\\models\\services\\instrutorService.js": {"path":"E:\\Projetos\\AvaliacaoA3\\src\\models\\services\\instrutorService.js","statementMap":{"0":{"start":{"line":1,"column":44},"end":{"line":1,"column":78}},"1":{"start":{"line":3,"column":24},"end":{"line":6,"column":1}},"2":{"start":{"line":4,"column":18},"end":{"line":4,"column":40}},"3":{"start":{"line":5,"column":2},"end":{"line":5,"column":19}},"4":{"start":{"line":8,"column":23},"end":{"line":11,"column":1}},"5":{"start":{"line":9,"column":18},"end":{"line":9,"column":69}},"6":{"start":{"line":10,"column":2},"end":{"line":10,"column":19}},"7":{"start":{"line":13,"column":0},"end":{"line":13,"column":53}}},"fnMap":{"0":{"name":"(anonymous_0)","decl":{"start":{"line":3,"column":24},"end":{"line":3,"column":25}},"loc":{"start":{"line":3,"column":36},"end":{"line":6,"column":1}},"line":3},"1":{"name":"(anonymous_1)","decl":{"start":{"line":8,"column":23},"end":{"line":8,"column":24}},"loc":{"start":{"line":8,"column":63},"end":{"line":11,"column":1}},"line":8}},"branchMap":{},"s":{"0":6,"1":6,"2":2,"3":2,"4":6,"5":2,"6":2,"7":6},"f":{"0":2,"1":2},"b":{},"_coverageSchema":"1a1c01bbd47fc00a2c39e90264f33305004495a9","hash":"b95521e8a49a093a0bbaf6b12dfa7395777c0ed7"}
,"E:\\Projetos\\AvaliacaoA3\\src\\models\\services\\matriculaService.js": {"path":"E:\\Projetos\\AvaliacaoA3\\src\\models\\services\\matriculaService.js","statementMap":{"0":{"start":{"line":1,"column":43},"end":{"line":1,"column":77}},"1":{"start":{"line":3,"column":23},"end":{"line":6,"column":1}},"2":{"start":{"line":4,"column":18},"end":{"line":4,"column":39}},"3":{"start":{"line":5,"column":2},"end":{"line":5,"column":19}},"4":{"start":{"line":8,"column":23},"end":{"line":11,"column":1}},"5":{"start":{"line":9,"column":18},"end":{"line":9,"column":61}},"6":{"start":{"line":10,"column":2},"end":{"line":10,"column":19}},"7":{"start":{"line":13,"column":26},"end":{"line":16,"column":1}},"8":{"start":{"line":14,"column":29},"end":{"line":14,"column":61}},"9":{"start":{"line":15,"column":2},"end":{"line":15,"column":42}},"10":{"start":{"line":18,"column":0},"end":{"line":18,"column":71}}},"fnMap":{"0":{"name":"(anonymous_0)","decl":{"start":{"line":3,"column":23},"end":{"line":3,"column":24}},"loc":{"start":{"line":3,"column":35},"end":{"line":6,"column":1}},"line":3},"1":{"name":"(anonymous_1)","decl":{"start":{"line":8,"column":23},"end":{"line":8,"column":24}},"loc":{"start":{"line":8,"column":55},"end":{"line":11,"column":1}},"line":8},"2":{"name":"(anonymous_2)","decl":{"start":{"line":13,"column":26},"end":{"line":13,"column":27}},"loc":{"start":{"line":13,"column":48},"end":{"line":16,"column":1}},"line":13}},"branchMap":{},"s":{"0":6,"1":6,"2":2,"3":2,"4":6,"5":2,"6":2,"7":6,"8":1,"9":1,"10":6},"f":{"0":2,"1":2,"2":1},"b":{},"_coverageSchema":"1a1c01bbd47fc00a2c39e90264f33305004495a9","hash":"2a4a20d3b6b785fa983e3bb98dc072cdf696aef1"}
,"E:\\Projetos\\AvaliacaoA3\\src\\models\\services\\responsavelService.js": {"path":"E:\\Projetos\\AvaliacaoA3\\src\\models\\services\\responsavelService.js","statementMap":{"0":{"start":{"line":1,"column":47},"end":{"line":1,"column":83}},"1":{"start":{"line":3,"column":25},"end":{"line":6,"column":3}},"2":{"start":{"line":4,"column":22},"end":{"line":4,"column":45}},"3":{"start":{"line":5,"column":4},"end":{"line":5,"column":23}},"4":{"start":{"line":8,"column":27},"end":{"line":11,"column":3}},"5":{"start":{"line":9,"column":22},"end":{"line":9,"column":128}},"6":{"start":{"line":10,"column":4},"end":{"line":10,"column":23}},"7":{"start":{"line":13,"column":2},"end":{"line":13,"column":58}}},"fnMap":{"0":{"name":"(anonymous_0)","decl":{"start":{"line":3,"column":25},"end":{"line":3,"column":26}},"loc":{"start":{"line":3,"column":37},"end":{"line":6,"column":3}},"line":3},"1":{"name":"(anonymous_1)","decl":{"start":{"line":8,"column":27},"end":{"line":8,"column":28}},"loc":{"start":{"line":8,"column":120},"end":{"line":11,"column":3}},"line":8}},"branchMap":{},"s":{"0":6,"1":6,"2":2,"3":2,"4":6,"5":2,"6":2,"7":6},"f":{"0":2,"1":2},"b":{},"_coverageSchema":"1a1c01bbd47fc00a2c39e90264f33305004495a9","hash":"ae38ba68a400d4fa793ea207a39e75dd660127f3"}
,"E:\\Projetos\\AvaliacaoA3\\src\\models\\services\\turmaService.js": {"path":"E:\\Projetos\\AvaliacaoA3\\src\\models\\services\\turmaService.js","statementMap":{"0":{"start":{"line":1,"column":35},"end":{"line":1,"column":65}},"1":{"start":{"line":3,"column":19},"end":{"line":6,"column":3}},"2":{"start":{"line":4,"column":16},"end":{"line":4,"column":33}},"3":{"start":{"line":5,"column":4},"end":{"line":5,"column":17}},"4":{"start":{"line":8,"column":21},"end":{"line":11,"column":3}},"5":{"start":{"line":9,"column":16},"end":{"line":9,"column":75}},"6":{"start":{"line":10,"column":4},"end":{"line":10,"column":17}},"7":{"start":{"line":13,"column":2},"end":{"line":13,"column":46}}},"fnMap":{"0":{"name":"(anonymous_0)","decl":{"start":{"line":3,"column":19},"end":{"line":3,"column":20}},"loc":{"start":{"line":3,"column":31},"end":{"line":6,"column":3}},"line":3},"1":{"name":"(anonymous_1)","decl":{"start":{"line":8,"column":21},"end":{"line":8,"column":22}},"loc":{"start":{"line":8,"column":73},"end":{"line":11,"column":3}},"line":8}},"branchMap":{},"s":{"0":6,"1":6,"2":2,"3":2,"4":6,"5":2,"6":2,"7":6},"f":{"0":2,"1":2},"b":{},"_coverageSchema":"1a1c01bbd47fc00a2c39e90264f33305004495a9","hash":"741b8d90b2cb5640b39979cb9f7a99ed71912f99"}
,"E:\\Projetos\\AvaliacaoA3\\src\\routes\\criancaRoutes.js": {"path":"E:\\Projetos\\AvaliacaoA3\\src\\routes\\criancaRoutes.js","statementMap":{"0":{"start":{"line":1,"column":16},"end":{"line":1,"column":34}},"1":{"start":{"line":2,"column":15},"end":{"line":2,"column":31}},"2":{"start":{"line":3,"column":26},"end":{"line":3,"column":72}},"3":{"start":{"line":5,"column":0},"end":{"line":5,"column":59}},"4":{"start":{"line":6,"column":0},"end":{"line":6,"column":62}},"5":{"start":{"line":8,"column":0},"end":{"line":8,"column":24}}},"fnMap":{},"branchMap":{},"s":{"0":5,"1":5,"2":5,"3":5,"4":5,"5":5},"f":{},"b":{},"_coverageSchema":"1a1c01bbd47fc00a2c39e90264f33305004495a9","hash":"82a1b435d3f3a8827d6521f6ad9898fdb3dcd97d"}
,"E:\\Projetos\\AvaliacaoA3\\src\\routes\\instrutorRoutes.js": {"path":"E:\\Projetos\\AvaliacaoA3\\src\\routes\\instrutorRoutes.js","statementMap":{"0":{"start":{"line":1,"column":16},"end":{"line":1,"column":34}},"1":{"start":{"line":2,"column":15},"end":{"line":2,"column":31}},"2":{"start":{"line":3,"column":28},"end":{"line":3,"column":76}},"3":{"start":{"line":5,"column":0},"end":{"line":5,"column":67}},"4":{"start":{"line":6,"column":0},"end":{"line":6,"column":69}},"5":{"start":{"line":8,"column":0},"end":{"line":8,"column":24}}},"fnMap":{},"branchMap":{},"s":{"0":5,"1":5,"2":5,"3":5,"4":5,"5":5},"f":{},"b":{},"_coverageSchema":"1a1c01bbd47fc00a2c39e90264f33305004495a9","hash":"1d97f949c07cd096182fc6955f981d9b94e610d2"}
,"E:\\Projetos\\AvaliacaoA3\\src\\routes\\matriculaRoutes.js": {"path":"E:\\Projetos\\AvaliacaoA3\\src\\routes\\matriculaRoutes.js","statementMap":{"0":{"start":{"line":1,"column":16},"end":{"line":1,"column":34}},"1":{"start":{"line":2,"column":15},"end":{"line":2,"column":31}},"2":{"start":{"line":3,"column":28},"end":{"line":3,"column":76}},"3":{"start":{"line":5,"column":0},"end":{"line":5,"column":65}},"4":{"start":{"line":6,"column":0},"end":{"line":6,"column":68}},"5":{"start":{"line":8,"column":0},"end":{"line":8,"column":24}}},"fnMap":{},"branchMap":{},"s":{"0":5,"1":5,"2":5,"3":5,"4":5,"5":5},"f":{},"b":{},"_coverageSchema":"1a1c01bbd47fc00a2c39e90264f33305004495a9","hash":"9ed8ea785485cf7e073a49ec8fe6bb0e408560b7"}
,"E:\\Projetos\\AvaliacaoA3\\src\\routes\\responsavelRoutes.js": {"path":"E:\\Projetos\\AvaliacaoA3\\src\\routes\\responsavelRoutes.js","statementMap":{"0":{"start":{"line":1,"column":16},"end":{"line":1,"column":34}},"1":{"start":{"line":2,"column":15},"end":{"line":2,"column":31}},"2":{"start":{"line":3,"column":30},"end":{"line":3,"column":80}},"3":{"start":{"line":5,"column":0},"end":{"line":5,"column":71}},"4":{"start":{"line":6,"column":0},"end":{"line":6,"column":74}},"5":{"start":{"line":8,"column":0},"end":{"line":8,"column":24}}},"fnMap":{},"branchMap":{},"s":{"0":5,"1":5,"2":5,"3":5,"4":5,"5":5},"f":{},"b":{},"_coverageSchema":"1a1c01bbd47fc00a2c39e90264f33305004495a9","hash":"24ac5f597a2ec7aec6e3f737238a5db5a5d267dc"}
,"E:\\Projetos\\AvaliacaoA3\\src\\routes\\turmaRoutes.js": {"path":"E:\\Projetos\\AvaliacaoA3\\src\\routes\\turmaRoutes.js","statementMap":{"0":{"start":{"line":1,"column":16},"end":{"line":1,"column":34}},"1":{"start":{"line":2,"column":15},"end":{"line":2,"column":31}},"2":{"start":{"line":3,"column":24},"end":{"line":3,"column":68}},"3":{"start":{"line":5,"column":0},"end":{"line":5,"column":53}},"4":{"start":{"line":6,"column":0},"end":{"line":6,"column":56}},"5":{"start":{"line":8,"column":0},"end":{"line":8,"column":24}}},"fnMap":{},"branchMap":{},"s":{"0":5,"1":5,"2":5,"3":5,"4":5,"5":5},"f":{},"b":{},"_coverageSchema":"1a1c01bbd47fc00a2c39e90264f33305004495a9","hash":"e62a22893ca6baf8f28f1a271c47437b9622ac7c"}
}
