TN:
SF:src\app.js
FNF:0
FNH:0
DA:1,5
DA:3,5
DA:4,5
DA:5,5
DA:6,5
DA:7,5
DA:9,5
DA:11,5
DA:13,5
DA:14,5
DA:15,5
DA:16,5
DA:17,5
DA:19,5
LF:14
LH:14
BRF:0
BRH:0
end_of_record
TN:
SF:src\config\conexao.js
FNF:0
FNH:0
DA:1,10
DA:3,10
DA:11,10
LF:3
LH:3
BRF:0
BRH:0
end_of_record
TN:
SF:src\controllers\criancaController.js
FN:4,(anonymous_0)
FN:14,(anonymous_1)
FNF:2
FNH:2
FNDA:1,(anonymous_0)
FNDA:1,(anonymous_1)
DA:1,5
DA:3,5
DA:5,1
DA:6,1
DA:7,1
DA:9,0
DA:10,0
DA:15,1
DA:17,1
DA:18,1
DA:19,1
DA:20,1
DA:22,0
DA:23,0
DA:28,5
LF:15
LH:11
BRF:0
BRH:0
end_of_record
TN:
SF:src\controllers\instrutorController.js
FN:4,(anonymous_0)
FN:14,(anonymous_1)
FNF:2
FNH:2
FNDA:1,(anonymous_0)
FNDA:1,(anonymous_1)
DA:1,5
DA:3,5
DA:5,1
DA:6,1
DA:7,1
DA:9,0
DA:10,0
DA:15,1
DA:16,1
DA:17,1
DA:18,1
DA:20,0
DA:21,0
DA:26,5
LF:14
LH:10
BRF:0
BRH:0
end_of_record
TN:
SF:src\controllers\matriculaController.js
FN:4,(anonymous_0)
FN:14,(anonymous_1)
FNF:2
FNH:2
FNDA:1,(anonymous_0)
FNDA:1,(anonymous_1)
DA:1,5
DA:3,5
DA:5,1
DA:6,1
DA:7,1
DA:9,0
DA:10,0
DA:15,1
DA:16,1
DA:18,1
DA:19,0
DA:21,1
DA:22,1
DA:23,1
DA:25,0
DA:26,0
DA:31,5
LF:17
LH:12
BRDA:18,0,0,0
BRDA:18,0,1,1
BRF:2
BRH:1
end_of_record
TN:
SF:src\controllers\responsavelController.js
FN:4,(anonymous_0)
FN:14,(anonymous_1)
FNF:2
FNH:2
FNDA:1,(anonymous_0)
FNDA:1,(anonymous_1)
DA:1,5
DA:3,5
DA:5,1
DA:6,1
DA:7,1
DA:9,0
DA:10,0
DA:15,1
DA:16,1
DA:17,1
DA:18,1
DA:20,0
DA:21,0
DA:26,5
LF:14
LH:10
BRF:0
BRH:0
end_of_record
TN:
SF:src\controllers\turmaController.js
FN:4,(anonymous_0)
FN:14,(anonymous_1)
FNF:2
FNH:2
FNDA:1,(anonymous_0)
FNDA:1,(anonymous_1)
DA:1,5
DA:3,5
DA:5,1
DA:6,1
DA:7,1
DA:9,0
DA:10,0
DA:15,1
DA:16,1
DA:17,1
DA:18,1
DA:20,0
DA:21,0
DA:26,5
LF:14
LH:10
BRF:0
BRH:0
end_of_record
TN:
SF:src\infra\criancaBd.js
FN:4,(anonymous_0)
FN:7,(anonymous_1)
FN:14,(anonymous_2)
FN:17,(anonymous_3)
FN:23,(anonymous_4)
FNF:5
FNH:5
FNDA:1,(anonymous_0)
FNDA:19,(anonymous_1)
FNDA:1,(anonymous_2)
FNDA:1,(anonymous_3)
FNDA:1,(anonymous_4)
DA:1,6
DA:2,6
DA:4,6
DA:5,1
DA:6,1
DA:7,1
DA:8,19
DA:9,19
DA:11,1
DA:14,6
DA:16,1
DA:17,1
DA:18,1
DA:20,1
DA:23,6
DA:24,1
DA:29,1
DA:30,1
DA:33,6
LF:19
LH:19
BRF:0
BRH:0
end_of_record
TN:
SF:src\infra\instrutorBd.js
FN:4,(anonymous_0)
FN:7,(anonymous_1)
FN:14,(anonymous_2)
FNF:3
FNH:3
FNDA:1,(anonymous_0)
FNDA:1,(anonymous_1)
FNDA:1,(anonymous_2)
DA:1,6
DA:2,6
DA:4,6
DA:5,1
DA:6,1
DA:7,1
DA:8,1
DA:9,1
DA:11,1
DA:14,6
DA:15,1
DA:19,1
DA:20,1
DA:23,6
LF:14
LH:14
BRF:0
BRH:0
end_of_record
TN:
SF:src\infra\matriculaBd.js
FN:4,(anonymous_0)
FN:7,(anonymous_1)
FN:14,(anonymous_2)
FNF:3
FNH:3
FNDA:1,(anonymous_0)
FNDA:6,(anonymous_1)
FNDA:1,(anonymous_2)
DA:1,6
DA:2,6
DA:4,6
DA:5,1
DA:6,1
DA:7,1
DA:8,6
DA:9,6
DA:11,1
DA:14,6
DA:15,1
DA:20,1
DA:24,1
DA:25,1
DA:26,1
DA:29,6
LF:16
LH:16
BRF:0
BRH:0
end_of_record
TN:
SF:src\infra\responsavelBd.js
FN:4,(anonymous_0)
FN:7,(anonymous_1)
FN:14,(anonymous_2)
FNF:3
FNH:2
FNDA:1,(anonymous_0)
FNDA:0,(anonymous_1)
FNDA:1,(anonymous_2)
DA:1,6
DA:2,6
DA:4,6
DA:5,1
DA:6,1
DA:7,1
DA:8,0
DA:9,0
DA:11,1
DA:14,6
DA:15,1
DA:19,1
DA:20,1
DA:23,6
LF:14
LH:12
BRF:0
BRH:0
end_of_record
TN:
SF:src\infra\turmaBd.js
FN:4,(anonymous_0)
FN:7,(anonymous_1)
FN:14,(anonymous_2)
FNF:3
FNH:3
FNDA:1,(anonymous_0)
FNDA:6,(anonymous_1)
FNDA:1,(anonymous_2)
DA:1,6
DA:2,6
DA:4,6
DA:5,1
DA:6,1
DA:7,1
DA:8,6
DA:9,6
DA:11,1
DA:14,6
DA:15,1
DA:20,1
DA:21,1
DA:22,1
DA:25,6
LF:15
LH:15
BRF:0
BRH:0
end_of_record
TN:
SF:src\models\entity\crianca.js
FN:2,(anonymous_0)
FNF:1
FNH:1
FNDA:21,(anonymous_0)
DA:3,21
DA:4,21
DA:5,21
DA:6,21
DA:10,6
LF:5
LH:5
BRF:0
BRH:0
end_of_record
TN:
SF:src\models\entity\instrutor.js
FN:2,(anonymous_0)
FNF:1
FNH:1
FNDA:2,(anonymous_0)
DA:3,2
DA:4,2
DA:8,6
LF:3
LH:3
BRF:0
BRH:0
end_of_record
TN:
SF:src\models\entity\matricula.js
FN:2,(anonymous_0)
FNF:1
FNH:1
FNDA:7,(anonymous_0)
DA:3,7
DA:4,7
DA:5,7
DA:9,6
LF:4
LH:4
BRF:0
BRH:0
end_of_record
TN:
SF:src\models\entity\responsavel.js
FN:2,(anonymous_0)
FNF:1
FNH:1
FNDA:1,(anonymous_0)
DA:3,1
DA:4,1
DA:5,1
DA:6,1
DA:7,1
DA:8,1
DA:12,6
LF:7
LH:7
BRF:0
BRH:0
end_of_record
TN:
SF:src\models\entity\turma.js
FN:2,(anonymous_0)
FNF:1
FNH:1
FNDA:7,(anonymous_0)
DA:3,7
DA:4,7
DA:5,7
DA:6,7
DA:7,7
DA:11,6
LF:6
LH:6
BRF:0
BRH:0
end_of_record
TN:
SF:src\models\services\criancaService.js
FN:3,(anonymous_0)
FN:8,(anonymous_1)
FN:13,(anonymous_2)
FNF:3
FNH:3
FNDA:2,(anonymous_0)
FNDA:2,(anonymous_1)
FNDA:1,(anonymous_2)
DA:1,6
DA:3,6
DA:4,2
DA:5,2
DA:8,6
DA:9,2
DA:10,2
DA:13,6
DA:14,1
DA:15,0
DA:19,6
LF:11
LH:10
BRDA:14,0,0,0
BRDA:14,0,1,1
BRDA:14,1,0,1
BRDA:14,1,1,1
BRF:4
BRH:3
end_of_record
TN:
SF:src\models\services\instrutorService.js
FN:3,(anonymous_0)
FN:8,(anonymous_1)
FNF:2
FNH:2
FNDA:2,(anonymous_0)
FNDA:2,(anonymous_1)
DA:1,6
DA:3,6
DA:4,2
DA:5,2
DA:8,6
DA:9,2
DA:10,2
DA:13,6
LF:8
LH:8
BRF:0
BRH:0
end_of_record
TN:
SF:src\models\services\matriculaService.js
FN:3,(anonymous_0)
FN:8,(anonymous_1)
FN:13,(anonymous_2)
FNF:3
FNH:3
FNDA:2,(anonymous_0)
FNDA:2,(anonymous_1)
FNDA:1,(anonymous_2)
DA:1,6
DA:3,6
DA:4,2
DA:5,2
DA:8,6
DA:9,2
DA:10,2
DA:13,6
DA:14,1
DA:15,1
DA:18,6
LF:11
LH:11
BRF:0
BRH:0
end_of_record
TN:
SF:src\models\services\responsavelService.js
FN:3,(anonymous_0)
FN:8,(anonymous_1)
FNF:2
FNH:2
FNDA:2,(anonymous_0)
FNDA:2,(anonymous_1)
DA:1,6
DA:3,6
DA:4,2
DA:5,2
DA:8,6
DA:9,2
DA:10,2
DA:13,6
LF:8
LH:8
BRF:0
BRH:0
end_of_record
TN:
SF:src\models\services\turmaService.js
FN:3,(anonymous_0)
FN:8,(anonymous_1)
FNF:2
FNH:2
FNDA:2,(anonymous_0)
FNDA:2,(anonymous_1)
DA:1,6
DA:3,6
DA:4,2
DA:5,2
DA:8,6
DA:9,2
DA:10,2
DA:13,6
LF:8
LH:8
BRF:0
BRH:0
end_of_record
TN:
SF:src\routes\criancaRoutes.js
FNF:0
FNH:0
DA:1,5
DA:2,5
DA:3,5
DA:5,5
DA:6,5
DA:8,5
LF:6
LH:6
BRF:0
BRH:0
end_of_record
TN:
SF:src\routes\instrutorRoutes.js
FNF:0
FNH:0
DA:1,5
DA:2,5
DA:3,5
DA:5,5
DA:6,5
DA:8,5
LF:6
LH:6
BRF:0
BRH:0
end_of_record
TN:
SF:src\routes\matriculaRoutes.js
FNF:0
FNH:0
DA:1,5
DA:2,5
DA:3,5
DA:5,5
DA:6,5
DA:8,5
LF:6
LH:6
BRF:0
BRH:0
end_of_record
TN:
SF:src\routes\responsavelRoutes.js
FNF:0
FNH:0
DA:1,5
DA:2,5
DA:3,5
DA:5,5
DA:6,5
DA:8,5
LF:6
LH:6
BRF:0
BRH:0
end_of_record
TN:
SF:src\routes\turmaRoutes.js
FNF:0
FNH:0
DA:1,5
DA:2,5
DA:3,5
DA:5,5
DA:6,5
DA:8,5
LF:6
LH:6
BRF:0
BRH:0
end_of_record
